<?xml version="1.0" encoding="UTF-8"?>
<!-- Generated by org.testng.reporters.JUnitReportReporter -->
<testsuite hostname="LAPTOP-O0QBCHNJ" failures="0" tests="1" name="AstroArcPOM.Test_astro" time="34.821" errors="0" timestamp="2025-10-17T15:58:21 CST" skipped="0">
  <testcase classname="AstroArcPOM.Test_astro" name="paymentWithCrypto" time="34.821"/>
</testsuite> <!-- AstroArcPOM.Test_astro -->
